<?xml version="1.0" ?>
<testsuites>
    <testsuite errors="0" failures="0" name="my test suite" tests="2">
        <testcase classname="some.class.name" name="Test1" time="123.345000">
            <system-out>
                I am stdout!
            </system-out>
            <system-err>
                I am stderr!
            </system-err>
        </testcase>
        <testcase classname="some.class.name2" name="Test2" time="123.345000">
            <system-out>
                I am stdout!
            </system-out>
            <system-err>
                I am stderr!
            </system-err>
        </testcase>
    </testsuite>
</testsuites>
